<?xml version="1.0" encoding="UTF-8"?>
<testsuite xmlns:xsi="http://www.w3.org/2001/XMLSchema-instance" xsi:noNamespaceSchemaLocation="https://maven.apache.org/surefire/maven-surefire-plugin/xsd/surefire-test-report.xsd" version="3.0.2" name="prolist.logics.UserHandlerUnitTest" time="0.478" tests="4" errors="0" skipped="0" failures="0" flakes="0">
  <properties>
[...]
</properties>
  <testcase name="nullPasswordReturnsFalse" classname="prolist.logics.UserHandlerUnitTest" time="0.428"/>
  <testcase name="differentPasswordReturnsTrue" classname="prolist.logics.UserHandlerUnitTest" time="0.009"/>
  <testcase name="noUserFoundThrowsSQLException" classname="prolist.logics.UserHandlerUnitTest" time="0.007"/>
  <testcase name="samePasswordReturnsFalse" classname="prolist.logics.UserHandlerUnitTest" time="0.002"/>
</testsuite>